[debug] [2021-03-11T00:57:20.150Z] ----------------------------------------------------------------------
[debug] [2021-03-11T00:57:20.152Z] Command:       /usr/local/bin/node /usr/local/bin/firebase deploy
[debug] [2021-03-11T00:57:20.152Z] CLI Version:   9.5.0
[debug] [2021-03-11T00:57:20.152Z] Platform:      darwin
[debug] [2021-03-11T00:57:20.152Z] Node Version:  v12.16.2
[debug] [2021-03-11T00:57:20.153Z] Time:          Wed Mar 10 2021 16:57:20 GMT-0800 (Pacific Standard Time)
[debug] [2021-03-11T00:57:20.153Z] ----------------------------------------------------------------------
[debug] [2021-03-11T00:57:20.153Z] 
[debug] [2021-03-11T00:57:20.163Z] > command requires scopes: ["email","openid","https://www.googleapis.com/auth/cloudplatformprojects.readonly","https://www.googleapis.com/auth/firebase","https://www.googleapis.com/auth/cloud-platform"]
[debug] [2021-03-11T00:57:20.163Z] > authorizing via signed-in user
[debug] [2021-03-11T00:57:20.164Z] [iam] checking project socialape-12f18 for permissions ["firebase.projects.get","firebasehosting.sites.update"]
[debug] [2021-03-11T00:57:20.166Z] > refreshing access token with scopes: ["email","https://www.googleapis.com/auth/cloud-platform","https://www.googleapis.com/auth/cloudplatformprojects.readonly","https://www.googleapis.com/auth/firebase","openid"]
[debug] [2021-03-11T00:57:20.166Z] >>> HTTP REQUEST POST https://www.googleapis.com/oauth2/v3/token  
 <request body omitted>
[debug] [2021-03-11T00:57:20.378Z] <<< HTTP RESPONSE 200 {"expires":"Mon, 01 Jan 1990 00:00:00 GMT","cache-control":"no-cache, no-store, max-age=0, must-revalidate","date":"Thu, 11 Mar 2021 00:57:20 GMT","pragma":"no-cache","content-type":"application/json; charset=utf-8","vary":"X-Origin, Referer, Origin,Accept-Encoding","server":"scaffolding on HTTPServer2","x-xss-protection":"0","x-frame-options":"SAMEORIGIN","x-content-type-options":"nosniff","alt-svc":"h3-29=\":443\"; ma=2592000,h3-T051=\":443\"; ma=2592000,h3-Q050=\":443\"; ma=2592000,h3-Q046=\":443\"; ma=2592000,h3-Q043=\":443\"; ma=2592000,quic=\":443\"; ma=2592000; v=\"46,43\"","accept-ranges":"none","transfer-encoding":"chunked"}
[debug] [2021-03-11T00:57:20.407Z] >>> HTTP REQUEST POST https://cloudresourcemanager.googleapis.com/v1/projects/socialape-12f18:testIamPermissions  
 {"permissions":["firebase.projects.get","firebasehosting.sites.update"]}
[debug] [2021-03-11T00:57:20.602Z] <<< HTTP RESPONSE 200 {"content-type":"application/json; charset=UTF-8","vary":"X-Origin, Referer, Origin,Accept-Encoding","date":"Thu, 11 Mar 2021 00:57:20 GMT","server":"ESF","cache-control":"private","x-xss-protection":"0","x-frame-options":"SAMEORIGIN","x-content-type-options":"nosniff","server-timing":"gfet4t7; dur=58","alt-svc":"h3-29=\":443\"; ma=2592000,h3-T051=\":443\"; ma=2592000,h3-Q050=\":443\"; ma=2592000,h3-Q046=\":443\"; ma=2592000,h3-Q043=\":443\"; ma=2592000,quic=\":443\"; ma=2592000; v=\"46,43\"","accept-ranges":"none","transfer-encoding":"chunked"}
[debug] [2021-03-11T00:57:20.607Z] > refreshing access token with scopes: []
[debug] [2021-03-11T00:57:20.607Z] >>> HTTP REQUEST POST https://www.googleapis.com/oauth2/v3/token  
 <request body omitted>
[debug] [2021-03-11T00:57:20.779Z] <<< HTTP RESPONSE 200 {"date":"Thu, 11 Mar 2021 00:57:20 GMT","cache-control":"no-cache, no-store, max-age=0, must-revalidate","pragma":"no-cache","expires":"Mon, 01 Jan 1990 00:00:00 GMT","content-type":"application/json; charset=utf-8","vary":"X-Origin, Referer, Origin,Accept-Encoding","server":"scaffolding on HTTPServer2","x-xss-protection":"0","x-frame-options":"SAMEORIGIN","x-content-type-options":"nosniff","alt-svc":"h3-29=\":443\"; ma=2592000,h3-T051=\":443\"; ma=2592000,h3-Q050=\":443\"; ma=2592000,h3-Q046=\":443\"; ma=2592000,h3-Q043=\":443\"; ma=2592000,quic=\":443\"; ma=2592000; v=\"46,43\"","accept-ranges":"none","transfer-encoding":"chunked"}
[debug] [2021-03-11T00:57:20.804Z] >>> [apiv2][query] GET https://firebase.googleapis.com/v1beta1/projects/socialape-12f18 [none]
[debug] [2021-03-11T00:57:21.064Z] <<< [apiv2][status] GET https://firebase.googleapis.com/v1beta1/projects/socialape-12f18 200
[debug] [2021-03-11T00:57:21.064Z] <<< [apiv2][body] GET https://firebase.googleapis.com/v1beta1/projects/socialape-12f18 {"projectId":"socialape-12f18","projectNumber":"484136488302","displayName":"SocialApe","name":"projects/socialape-12f18","resources":{"hostingSite":"socialape-12f18","storageBucket":"socialape-12f18.appspot.com","locationId":"us-west2"},"state":"ACTIVE"}
[info] 
[info] === Deploying to 'socialape-12f18'...
[info] 
[info] i  deploying hosting 
[debug] [2021-03-11T00:57:21.069Z] > refreshing access token with scopes: ["email","https://www.googleapis.com/auth/cloud-platform","https://www.googleapis.com/auth/cloudplatformprojects.readonly","https://www.googleapis.com/auth/firebase","openid"]
[debug] [2021-03-11T00:57:21.069Z] >>> HTTP REQUEST POST https://www.googleapis.com/oauth2/v3/token  
 <request body omitted>
